# JRE version: Java(TM) SE Runtime Environment (8.0_112-b15) (build 1.8.0_112-b15)
# Java VM: Java HotSpot(TM) 64-Bit Server VM (25.112-b15 mixed mode windows-amd64 compressed oops)
Heap:
 PSYoungGen      total 53760K, used 23539K [0x00000007bc400000, 0x00000007c0000000, 0x00000007c0000000)
  eden space 46080K, 51% used [0x00000007bc400000,0x00000007bdafce78,0x00000007bf100000)
  from space 7680K, 0% used [0x00000007bf880000,0x00000007bf880000,0x00000007c0000000)
  to   space 7680K, 0% used [0x00000007bf100000,0x00000007bf100000,0x00000007bf880000)
 ParOldGen       total 314368K, used 140020K [0x0000000700000000, 0x0000000713300000, 0x00000007bc400000)
  object space 314368K, 44% used [0x0000000700000000,0x00000007088bd1c8,0x0000000713300000)
 Metaspace       used 88714K, capacity 89497K, committed 90368K, reserved 1126400K
  class space    used 12538K, capacity 12690K, committed 12800K, reserved 1048576K
GC Heap History (10 events):
Event: 43685.916 GC heap before
{Heap before GC invocations=799 (full 36):
 PSYoungGen      total 55296K, used 52879K [0x00000007bc400000, 0x00000007c0000000, 0x00000007c0000000)
  eden space 49152K, 100% used [0x00000007bc400000,0x00000007bf400000,0x00000007bf400000)
  from space 6144K, 60% used [0x00000007bfa00000,0x00000007bfda3fd8,0x00000007c0000000)
  to   space 6144K, 0% used [0x00000007bf400000,0x00000007bf400000,0x00000007bfa00000)
 ParOldGen       total 314368K, used 179773K [0x0000000700000000, 0x0000000713300000, 0x00000007bc400000)
  object space 314368K, 57% used [0x0000000700000000,0x000000070af8f510,0x0000000713300000)
 Metaspace       used 88591K, capacity 89357K, committed 90112K, reserved 1126400K
  class space    used 12532K, capacity 12688K, committed 12800K, reserved 1048576K
Event: 43685.920 GC heap after
Heap after GC invocations=799 (full 36):
 PSYoungGen      total 55296K, used 3503K [0x00000007bc400000, 0x00000007c0000000, 0x00000007c0000000)
  eden space 49152K, 0% used [0x00000007bc400000,0x00000007bc400000,0x00000007bf400000)
  from space 6144K, 57% used [0x00000007bf400000,0x00000007bf76bfd8,0x00000007bfa00000)
  to   space 6144K, 0% used [0x00000007bfa00000,0x00000007bfa00000,0x00000007c0000000)
 ParOldGen       total 314368K, used 179813K [0x0000000700000000, 0x0000000713300000, 0x00000007bc400000)
  object space 314368K, 57% used [0x0000000700000000,0x000000070af99510,0x0000000713300000)
 Metaspace       used 88591K, capacity 89357K, committed 90112K, reserved 1126400K
  class space    used 12532K, capacity 12688K, committed 12800K, reserved 1048576K
}
Event: 43686.772 GC heap before
{Heap before GC invocations=800 (full 36):
 PSYoungGen      total 55296K, used 52655K [0x00000007bc400000, 0x00000007c0000000, 0x00000007c0000000)
  eden space 49152K, 100% used [0x00000007bc400000,0x00000007bf400000,0x00000007bf400000)
  from space 6144K, 57% used [0x00000007bf400000,0x00000007bf76bfd8,0x00000007bfa00000)
  to   space 6144K, 0% used [0x00000007bfa00000,0x00000007bfa00000,0x00000007c0000000)
 ParOldGen       total 314368K, used 179813K [0x0000000700000000, 0x0000000713300000, 0x00000007bc400000)
  object space 314368K, 57% used [0x0000000700000000,0x000000070af99510,0x0000000713300000)
 Metaspace       used 88615K, capacity 89421K, committed 90112K, reserved 1126400K
  class space    used 12533K, capacity 12688K, committed 12800K, reserved 1048576K
Event: 43686.782 GC heap after
Heap after GC invocations=800 (full 36):
 PSYoungGen      total 53248K, used 6114K [0x00000007bc400000, 0x00000007c0000000, 0x00000007c0000000)
  eden space 47104K, 0% used [0x00000007bc400000,0x00000007bc400000,0x00000007bf200000)
  from space 6144K, 99% used [0x00000007bfa00000,0x00000007bfff8ad8,0x00000007c0000000)
  to   space 7168K, 0% used [0x00000007bf200000,0x00000007bf200000,0x00000007bf900000)
 ParOldGen       total 314368K, used 180757K [0x0000000700000000, 0x0000000713300000, 0x00000007bc400000)
  object space 314368K, 57% used [0x0000000700000000,0x000000070b085510,0x0000000713300000)
 Metaspace       used 88615K, capacity 89421K, committed 90112K, reserved 1126400K
  class space    used 12533K, capacity 12688K, committed 12800K, reserved 1048576K
}
Event: 43687.864 GC heap before
{Heap before GC invocations=801 (full 36):
 PSYoungGen      total 53248K, used 53218K [0x00000007bc400000, 0x00000007c0000000, 0x00000007c0000000)
  eden space 47104K, 100% used [0x00000007bc400000,0x00000007bf200000,0x00000007bf200000)
  from space 6144K, 99% used [0x00000007bfa00000,0x00000007bfff8ad8,0x00000007c0000000)
  to   space 7168K, 0% used [0x00000007bf200000,0x00000007bf200000,0x00000007bf900000)
 ParOldGen       total 314368K, used 180757K [0x0000000700000000, 0x0000000713300000, 0x00000007bc400000)
  object space 314368K, 57% used [0x0000000700000000,0x000000070b085510,0x0000000713300000)
 Metaspace       used 88621K, capacity 89421K, committed 90112K, reserved 1126400K
  class space    used 12533K, capacity 12688K, committed 12800K, reserved 1048576K
Event: 43687.871 GC heap after
Heap after GC invocations=801 (full 36):
 PSYoungGen      total 53760K, used 6242K [0x00000007bc400000, 0x00000007c0000000, 0x00000007c0000000)
  eden space 47104K, 0% used [0x00000007bc400000,0x00000007bc400000,0x00000007bf200000)
  from space 6656K, 93% used [0x00000007bf200000,0x00000007bf818ad8,0x00000007bf880000)
  to   space 7680K, 0% used [0x00000007bf880000,0x00000007bf880000,0x00000007c0000000)
 ParOldGen       total 314368K, used 180861K [0x0000000700000000, 0x0000000713300000, 0x00000007bc400000)
  object space 314368K, 57% used [0x0000000700000000,0x000000070b09f510,0x0000000713300000)
 Metaspace       used 88621K, capacity 89421K, committed 90112K, reserved 1126400K
  class space    used 12533K, capacity 12688K, committed 12800K, reserved 1048576K
}
Event: 43697.186 GC heap before
{Heap before GC invocations=802 (full 36):
 PSYoungGen      total 53760K, used 30951K [0x00000007bc400000, 0x00000007c0000000, 0x00000007c0000000)
  eden space 47104K, 52% used [0x00000007bc400000,0x00000007bdc21488,0x00000007bf200000)
  from space 6656K, 93% used [0x00000007bf200000,0x00000007bf818ad8,0x00000007bf880000)
  to   space 7680K, 0% used [0x00000007bf880000,0x00000007bf880000,0x00000007c0000000)
 ParOldGen       total 314368K, used 180861K [0x0000000700000000, 0x0000000713300000, 0x00000007bc400000)
  object space 314368K, 57% used [0x0000000700000000,0x000000070b09f510,0x0000000713300000)
 Metaspace       used 88664K, capacity 89421K, committed 90112K, reserved 1126400K
  class space    used 12535K, capacity 12688K, committed 12800K, reserved 1048576K
Event: 43697.192 GC heap after
Heap after GC invocations=802 (full 36):
 PSYoungGen      total 53760K, used 6082K [0x00000007bc400000, 0x00000007c0000000, 0x00000007c0000000)
  eden space 46080K, 0% used [0x00000007bc400000,0x00000007bc400000,0x00000007bf100000)
  from space 7680K, 79% used [0x00000007bf880000,0x00000007bfe70ad8,0x00000007c0000000)
  to   space 7680K, 0% used [0x00000007bf100000,0x00000007bf100000,0x00000007bf880000)
 ParOldGen       total 314368K, used 180861K [0x0000000700000000, 0x0000000713300000, 0x00000007bc400000)
  object space 314368K, 57% used [0x0000000700000000,0x000000070b09f510,0x0000000713300000)
 Metaspace       used 88664K, capacity 89421K, committed 90112K, reserved 1126400K
  class space    used 12535K, capacity 12688K, committed 12800K, reserved 1048576K
}
Event: 43697.192 GC heap before
{Heap before GC invocations=803 (full 37):
 PSYoungGen      total 53760K, used 6082K [0x00000007bc400000, 0x00000007c0000000, 0x00000007c0000000)
  eden space 46080K, 0% used [0x00000007bc400000,0x00000007bc400000,0x00000007bf100000)
  from space 7680K, 79% used [0x00000007bf880000,0x00000007bfe70ad8,0x00000007c0000000)
  to   space 7680K, 0% used [0x00000007bf100000,0x00000007bf100000,0x00000007bf880000)
 ParOldGen       total 314368K, used 180861K [0x0000000700000000, 0x0000000713300000, 0x00000007bc400000)
  object space 314368K, 57% used [0x0000000700000000,0x000000070b09f510,0x0000000713300000)
 Metaspace       used 88664K, capacity 89421K, committed 90112K, reserved 1126400K
  class space    used 12535K, capacity 12688K, committed 12800K, reserved 1048576K
Event: 43697.543 GC heap after
Heap after GC invocations=803 (full 37):
 PSYoungGen      total 53760K, used 0K [0x00000007bc400000, 0x00000007c0000000, 0x00000007c0000000)
  eden space 46080K, 0% used [0x00000007bc400000,0x00000007bc400000,0x00000007bf100000)
  from space 7680K, 0% used [0x00000007bf880000,0x00000007bf880000,0x00000007c0000000)
  to   space 7680K, 0% used [0x00000007bf100000,0x00000007bf100000,0x00000007bf880000)
 ParOldGen       total 314368K, used 140020K [0x0000000700000000, 0x0000000713300000, 0x00000007bc400000)
  object space 314368K, 44% used [0x0000000700000000,0x00000007088bd1c8,0x0000000713300000)
 Metaspace       used 88664K, capacity 89421K, committed 90112K, reserved 1126400K
  class space    used 12535K, capacity 12688K, committed 12800K, reserved 1048576K
}

